<?xml version="1.0" encoding="UTF-8"?>
<!-- Generated by org.testng.reporters.JUnitReportReporter -->
<testsuite skipped="0" hostname="user" name="com.crm.qa.test.SelectPageTest" tests="1" failures="0" timestamp="01 Aug 2019 15:02:31 GMT" time="91.363" errors="0">
  <testcase name="verifySelectPageTest" time="91.363" classname="com.crm.qa.test.SelectPageTest"/>
</testsuite> <!-- com.crm.qa.test.SelectPageTest -->
