<?xml version="1.0" encoding="UTF-8"?>
<!-- Generated by org.testng.reporters.JUnitReportReporter -->
<testsuite skipped="0" hostname="user" name="com.crm.qa.testdata.HomePageTest" tests="1" failures="0" timestamp="29 Jun 2019 08:06:57 GMT" time="33.820" errors="0">
  <testcase name="verifyHomePageTest" time="33.820" classname="com.crm.qa.testdata.HomePageTest"/>
</testsuite> <!-- com.crm.qa.testdata.HomePageTest -->
