<?xml version="1.0" encoding="UTF-8"?>
<!-- Generated by org.testng.reporters.JUnitReportReporter -->
<testsuite skipped="1" hostname="user" name="com.crm.qa.test.CreateProfilePageTest" tests="1" failures="0" timestamp="22 Jul 2019 16:50:29 GMT" time="0.000" errors="0">
  <testcase name="validateProfileTest" time="0.000" classname="com.crm.qa.test.CreateProfilePageTest">
    <skipped/>
  </testcase> <!-- validateProfileTest -->
</testsuite> <!-- com.crm.qa.test.CreateProfilePageTest -->
