<?xml version="1.0" encoding="UTF-8"?>
<!-- Generated by org.testng.reporters.JUnitReportReporter -->
<testsuite skipped="0" hostname="user" name="com.crm.qa.test.CreateProfileTest" tests="1" failures="0" timestamp="29 Jul 2019 16:45:18 GMT" time="45.940" errors="0">
  <testcase name="validateProfileTest" time="45.940" classname="com.crm.qa.test.CreateProfileTest"/>
</testsuite> <!-- com.crm.qa.test.CreateProfileTest -->
